Starting Single Run, Sweeps and Corners...

Current time: Tue May 14 18:35:51 2024 
Best design point: 1
Design specs: 
	CND_Analog_final:Folded_tb:1	corner	Nominal - 
	Av		657.7	Yes
	Av_dB		56.36	Yes
	BW		64.6k	Yes
	GBW		42.59M	Yes
	UGF		43M	Yes
	VOUTN		615.8m	Yes
	VOUTP		615.8m	Yes
	Iota		76.99u	Yes
	Icnfb		39.75u	Yes
Design parameters: 
	CL		1p
	IREF		20u
	VCN		750m
	VCP		550m
	VDD		1.2
	VICM		300m
	VICMAC		0
	VID		0
	VIDAC		1
	VREF		600m

Interactive.6
Number of points completed: 1
Number of simulation errors: 0
Interactive.6 completed. 
Current time: Tue May 14 18:35:52 2024 
