Starting Single Run, Sweeps and Corners...

Current time: Tue May 14 18:31:30 2024 
Best design point: 1
Design specs: 
	CND_Analog_final:Folded_tb:1	corner	Nominal - 
	Av		641.5	Yes
	Av_dB		56.14	Yes
	BW		66.7k	Yes
	GBW		42.9M	Yes
	UGF		43.28M	Yes
	VOUTN		624.1m	Yes
	VOUTP		624.1m	Yes
	Iota		77.11u	Yes
	Icnfb		39.54u	Yes
Design parameters: 
	CL		1p
	IREF		20u
	VCN		750m
	VCP		550m
	VDD		1.2
	VICM		300m
	VICMAC		0
	VID		0
	VIDAC		1
	VREF		600m

Interactive.4
Number of points completed: 1
Number of simulation errors: 0
Interactive.4 completed. 
Current time: Tue May 14 18:31:32 2024 
