Starting Single Run, Sweeps and Corners...

Current time: Tue May 14 18:28:50 2024 
Best design point: 1
Design specs: 
	CND_Analog_final:Folded_tb:1	corner	Nominal - 
	Av		654.9	Yes
	Av_dB		56.32	Yes
	BW		69.28k	Yes
	GBW		45.48M	Yes
	UGF		45.89M	Yes
	VOUTN		599m	Near
	VOUTP		599m	Near
	Iota		80.16u	Near
	Icnfb		39.75u	Yes
Design parameters: 
	CL		1p
	IREF		20u
	VCN		750m
	VCP		550m
	VDD		1.2
	VICM		300m
	VICMAC		0
	VID		0
	VIDAC		1
	VREF		600m

Interactive.3
Number of points completed: 1
Number of simulation errors: 0
Interactive.3 completed. 
Current time: Tue May 14 18:28:52 2024 
