Starting Single Run, Sweeps and Corners...

Current time: Tue May 14 18:41:24 2024 
Best design point: 1
Design specs: 
	CND_Analog_final:Folded_tb:1	corner	Nominal - 
	Av		656.7	Yes
	Av_dB		56.35	Yes
	BW		65.67k	Yes
	GBW		43.24M	Yes
	UGF		43.65M	Yes
	VOUTN		597.9m	Near
	VOUTP		597.9m	Near
	Iota		76.98u	Yes
	Icnfb		40.23u	Near
Design parameters: 
	CL		1p
	IREF		20u
	VCN		750m
	VCP		550m
	VDD		1.2
	VICM		300m
	VICMAC		0
	VID		0
	VIDAC		1
	VREF		600m

Interactive.9
Number of points completed: 1
Number of simulation errors: 0
Interactive.9 completed. 
Current time: Tue May 14 18:41:26 2024 
