Starting Single Run, Sweeps and Corners...

Current time: Tue May 14 18:26:54 2024 
Best design point: 1
Design specs: 
	CND_Analog_final:Folded_tb:1	corner	Nominal - 
	Av		650	Yes
	Av_dB		56.26	Yes
	BW		69.69k	Yes
	GBW		45.4M	Yes
	UGF		45.81M	Yes
	VOUTN		599.2m	Near
	VOUTP		599.2m	Near
	Iota		80.11u	Near
	Icnfb		39.73u	Yes
Design parameters: 
	CL		1p
	IREF		20u
	VCN		750m
	VCP		550m
	VDD		1.2
	VICM		300m
	VICMAC		0
	VID		0
	VIDAC		1
	VREF		600m

Interactive.2
Number of points completed: 1
Number of simulation errors: 0
Interactive.2 completed. 
Current time: Tue May 14 18:26:56 2024 
