Starting Single Run, Sweeps and Corners...

Current time: Tue May 14 18:46:24 2024 
Best design point: 1
Design specs: 
	CND_Analog_final:Folded_tb_cl:1	corner	Nominal - 
	LG		Error	No
	mag(v("/VODIFF" ?result "ac"))		Error	No
	LoopGain		Error	No
	LoopGain_dB		Error	No
	Av_cl		Error	No
	PM		Error	No
	getData("I0.PM2:region" ?result "dcOp")		Error	No
Design parameters: 
	CL		1p
	IREF		20u
	VCN		750m
	VCP		550m
	VDD		1.2
	VICM		0
	VICMAC		0
	VID		0
	VIDAC		1
	VREF		600m

Interactive.45
Number of points completed: 1
Number of simulation errors: 7
Interactive.45 completed. 
Current time: Tue May 14 18:46:27 2024 
