Starting Single Run, Sweeps and Corners...

Current time: Tue May 14 18:44:56 2024 
Best design point: 1
Design specs: 
	CND_Analog_final:Folded_tb_cl:1	corner	Nominal - 
	LoopGain		224.2
	LoopGain_dB		47.01
	Av_cl		1.991
	PM		89.78
	getData("I0.PM2:region" ?result "dcOp")		Error	No
Design parameters: 
	CL		1p
	IREF		20u
	VCN		750m
	VCP		550m
	VDD		1.2
	VICM		0
	VICMAC		0
	VID		0
	VIDAC		1
	VREF		600m

Interactive.44
Number of points completed: 1
Number of simulation errors: 1
Interactive.44 completed. 
Current time: Tue May 14 18:44:58 2024 
